<?xml version="1.0" encoding="UTF-8"?>
<testsuite xmlns:xsi="http://www.w3.org/2001/XMLSchema-instance" xsi:noNamespaceSchemaLocation="https://maven.apache.org/surefire/maven-surefire-plugin/xsd/surefire-test-report-3.0.xsd" version="3.0" name="com.carpazar.CarPazar.CarPazarApplicationTests" time="2.181" tests="1" errors="0" skipped="0" failures="0">
  <properties>
[...]
</properties>
  <testcase name="contextLoads" classname="com.carpazar.CarPazar.CarPazarApplicationTests" time="0.674">
    <system-out><![CDATA[12:43:02.226 [main] INFO org.springframework.test.context.support.AnnotationConfigContextLoaderUtils -- Could not detect default configuration classes for test class [com.carpazar.CarPazar.CarPazarApplicationTests]: CarPazarApplicationTests does not declare any static, non-private, non-final, nested classes annotated with @Configuration.
12:43:02.298 [main] INFO org.springframework.boot.test.context.SpringBootTestContextBootstrapper -- Found @SpringBootConfiguration com.carpazar.CarPazar.CarPazarApplication for test class com.carpazar.CarPazar.CarPazarApplicationTests
12:43:02.424 [main] INFO org.springframework.boot.devtools.restart.RestartApplicationListener -- Restart disabled due to context in which it is running

  .   ____          _            __ _ _
 /\\ / ___'_ __ _ _(_)_ __  __ _ \ \ \ \
( ( )\___ | '_ | '_| | '_ \/ _` | \ \ \ \
 \\/  ___)| |_)| | | | | || (_| |  ) ) ) )
  '  |____| .__|_| |_|_| |_\__, | / / / /
 =========|_|==============|___/=/_/_/_/
 :: Spring Boot ::                (v3.1.5)

2023-11-12T12:43:02.609+01:00  INFO 11000 --- [           main] c.c.CarPazar.CarPazarApplicationTests    : Starting CarPazarApplicationTests using Java 21 with PID 11000 (started by antea in C:\Users\antea\IdeaProjects\CarPazar)
2023-11-12T12:43:02.610+01:00  INFO 11000 --- [           main] c.c.CarPazar.CarPazarApplicationTests    : No active profile set, falling back to 1 default profile: "default"
2023-11-12T12:43:03.580+01:00  INFO 11000 --- [           main] c.c.CarPazar.CarPazarApplicationTests    : Started CarPazarApplicationTests in 1.169 seconds (process running for 1.838)
]]></system-out>
    <system-err><![CDATA[WARNING: A Java agent has been loaded dynamically (C:\Users\antea\.m2\repository\net\bytebuddy\byte-buddy-agent\1.14.9\byte-buddy-agent-1.14.9.jar)
WARNING: If a serviceability tool is in use, please run with -XX:+EnableDynamicAgentLoading to hide this warning
WARNING: If a serviceability tool is not in use, please run with -Djdk.instrument.traceUsage for more information
WARNING: Dynamic loading of agents will be disallowed by default in a future release
]]></system-err>
  </testcase>
</testsuite>